<?xml version="1.0" encoding="UTF-8" ?>
<testsuite failures="0" time="0.043" errors="0" skipped="0" tests="23" name="org.brackit.xquery.expr.FLWORTest">
  <properties>
    <property name="java.runtime.name" value="Java(TM) SE Runtime Environment"/>
    <property name="sun.boot.library.path" value="/usr/lib/jvm/java-7-oracle/jre/lib/amd64"/>
    <property name="java.vm.version" value="23.3-b01"/>
    <property name="java.vm.vendor" value="Oracle Corporation"/>
    <property name="java.vendor.url" value="http://java.oracle.com/"/>
    <property name="path.separator" value=":"/>
    <property name="guice.disable.misplaced.annotation.check" value="true"/>
    <property name="java.vm.name" value="Java HotSpot(TM) 64-Bit Server VM"/>
    <property name="file.encoding.pkg" value="sun.io"/>
    <property name="user.country" value="US"/>
    <property name="sun.java.launcher" value="SUN_STANDARD"/>
    <property name="sun.os.patch.level" value="unknown"/>
    <property name="java.vm.specification.name" value="Java Virtual Machine Specification"/>
    <property name="user.dir" value="/home/johannes/brackit"/>
    <property name="java.runtime.version" value="1.7.0_07-b10"/>
    <property name="java.awt.graphicsenv" value="sun.awt.X11GraphicsEnvironment"/>
    <property name="java.endorsed.dirs" value="/usr/lib/jvm/java-7-oracle/jre/lib/endorsed"/>
    <property name="os.arch" value="amd64"/>
    <property name="java.io.tmpdir" value="/tmp"/>
    <property name="line.separator" value="
"/>
    <property name="java.vm.specification.vendor" value="Oracle Corporation"/>
    <property name="os.name" value="Linux"/>
    <property name="classworlds.conf" value="/usr/share/maven/bin/m2.conf"/>
    <property name="sun.jnu.encoding" value="UTF-8"/>
    <property name="java.library.path" value="/usr/java/packages/lib/amd64:/usr/lib64:/lib64:/lib:/usr/lib"/>
    <property name="java.specification.name" value="Java Platform API Specification"/>
    <property name="java.class.version" value="51.0"/>
    <property name="sun.management.compiler" value="HotSpot 64-Bit Tiered Compilers"/>
    <property name="os.version" value="3.8.0-25-generic"/>
    <property name="user.home" value="/home/johannes"/>
    <property name="user.timezone" value="Europe/Berlin"/>
    <property name="java.awt.printerjob" value="sun.print.PSPrinterJob"/>
    <property name="file.encoding" value="UTF-8"/>
    <property name="java.specification.version" value="1.7"/>
    <property name="user.name" value="johannes"/>
    <property name="java.class.path" value="/usr/share/maven/boot/plexus-classworlds-2.x.jar"/>
    <property name="java.vm.specification.version" value="1.7"/>
    <property name="sun.arch.data.model" value="64"/>
    <property name="java.home" value="/usr/lib/jvm/java-7-oracle/jre"/>
    <property name="sun.java.command" value="org.codehaus.plexus.classworlds.launcher.Launcher clean deploy"/>
    <property name="java.specification.vendor" value="Oracle Corporation"/>
    <property name="user.language" value="en"/>
    <property name="awt.toolkit" value="sun.awt.X11.XToolkit"/>
    <property name="java.vm.info" value="mixed mode"/>
    <property name="java.version" value="1.7.0_07"/>
    <property name="java.ext.dirs" value="/usr/lib/jvm/java-7-oracle/jre/lib/ext:/usr/java/packages/lib/ext"/>
    <property name="securerandom.source" value="file:/dev/./urandom"/>
    <property name="sun.boot.class.path" value="/usr/lib/jvm/java-7-oracle/jre/lib/resources.jar:/usr/lib/jvm/java-7-oracle/jre/lib/rt.jar:/usr/lib/jvm/java-7-oracle/jre/lib/sunrsasign.jar:/usr/lib/jvm/java-7-oracle/jre/lib/jsse.jar:/usr/lib/jvm/java-7-oracle/jre/lib/jce.jar:/usr/lib/jvm/java-7-oracle/jre/lib/charsets.jar:/usr/lib/jvm/java-7-oracle/jre/lib/jfr.jar:/usr/lib/jvm/java-7-oracle/jre/classes"/>
    <property name="java.vendor" value="Oracle Corporation"/>
    <property name="maven.home" value="/usr/share/maven"/>
    <property name="file.separator" value="/"/>
    <property name="java.vendor.url.bug" value="http://bugreport.sun.com/bugreport/"/>
    <property name="sun.cpu.endian" value="little"/>
    <property name="sun.io.unicode.encoding" value="UnicodeLittle"/>
    <property name="sun.desktop" value="gnome"/>
    <property name="sun.cpu.isalist" value=""/>
  </properties>
  <testcase time="0" classname="org.brackit.xquery.expr.FLWORTest" name="forExpr"/>
  <testcase time="0.002" classname="org.brackit.xquery.expr.FLWORTest" name="forWithTwoBindingExprs"/>
  <testcase time="0.001" classname="org.brackit.xquery.expr.FLWORTest" name="twoForExprs"/>
  <testcase time="0.001" classname="org.brackit.xquery.expr.FLWORTest" name="forExprWithRunVariable"/>
  <testcase time="0.003" classname="org.brackit.xquery.expr.FLWORTest" name="forExprWithWhereClause"/>
  <testcase time="0.001" classname="org.brackit.xquery.expr.FLWORTest" name="forExprWithTwoWhereClauses"/>
  <testcase time="0.004" classname="org.brackit.xquery.expr.FLWORTest" name="forExprWithOrderByClause"/>
  <testcase time="0.001" classname="org.brackit.xquery.expr.FLWORTest" name="forExprOneLetBinding"/>
  <testcase time="0.001" classname="org.brackit.xquery.expr.FLWORTest" name="forExprTwoLetBindings"/>
  <testcase time="0.001" classname="org.brackit.xquery.expr.FLWORTest" name="forExprThreeLetBindingsOneLetUnused"/>
  <testcase time="0.002" classname="org.brackit.xquery.expr.FLWORTest" name="forExprTwoLetBindingsWithWhereClause"/>
  <testcase time="0.002" classname="org.brackit.xquery.expr.FLWORTest" name="forExprTwoLetBindingsWithOrderByRunVar"/>
  <testcase time="0.002" classname="org.brackit.xquery.expr.FLWORTest" name="forExprTwoLetBindingsWithOrderByLetVarAndRunVar"/>
  <testcase time="0.001" classname="org.brackit.xquery.expr.FLWORTest" name="letExpr"/>
  <testcase time="0.001" classname="org.brackit.xquery.expr.FLWORTest" name="letExprVarUnused"/>
  <testcase time="0.002" classname="org.brackit.xquery.expr.FLWORTest" name="letExprWithWhereClause"/>
  <testcase time="0.002" classname="org.brackit.xquery.expr.FLWORTest" name="nestedFor"/>
  <testcase time="0.003" classname="org.brackit.xquery.expr.FLWORTest" name="variableShadowingWithNormalize"/>
  <testcase time="0.001" classname="org.brackit.xquery.expr.FLWORTest" name="nestedForWithAnotherForInNestedIn"/>
  <testcase time="0" classname="org.brackit.xquery.expr.FLWORTest" name="simpleLetExpr"/>
  <testcase time="0.002" classname="org.brackit.xquery.expr.FLWORTest" name="sequenceOfLetExpressions"/>
  <testcase time="0.003" classname="org.brackit.xquery.expr.FLWORTest" name="sequenceOfLetAndForExpressions"/>
  <testcase time="0.001" classname="org.brackit.xquery.expr.FLWORTest" name="forWithIllegalOrderByOnMixedData"/>
</testsuite>